<?xml version="1.0" encoding="UTF-8"?>
<!-- Generated by org.testng.reporters.JUnitXMLReporter -->
<testsuite ignored="0" hostname="LAPTOP-6NI5FO04" failures="1" tests="3" name="Test" time="52.48" errors="0" timestamp="2023-04-21T00:30:40 IST">
  <testcase classname="Tests.LandingPageTest" name="TC_01_Negative_Login" time="3.701"/>
  <testcase classname="Tests.LandingPageTest" name="TC_01_Positivie_Login" time="7.696"/>
  <testcase classname="Tests.OrdersTestCase" name="VerifyingOrders" time="11.607">
    <failure type="java.lang.IllegalMonitorStateException" message="current thread is not owner">
      <![CDATA[java.lang.IllegalMonitorStateException: current thread is not owner
at java.base/java.lang.Object.wait(Native Method)
at Utilities.TestUtilities.waitforelementpresence(TestUtilities.java:26)
at Utilities.TestUtilities.ScrolltoElment(TestUtilities.java:34)
at Pages.OrdersPage.TodaysOrderScroll(OrdersPage.java:20)
at Tests.OrdersTestCase.VerifyingOrders(OrdersTestCase.java:23)
at java.base/java.util.concurrent.ThreadPoolExecutor.runWorker(ThreadPoolExecutor.java:1136)
at java.base/java.util.concurrent.ThreadPoolExecutor$Worker.run(ThreadPoolExecutor.java:635)
at java.base/java.lang.Thread.run(Thread.java:833)
... Removed 12 stack frames]]>
    </failure>
  </testcase> <!-- VerifyingOrders -->
</testsuite> <!-- Test -->
